

Version:	3.50
CmdLine:	C:\Users\Tuan\OneDrive\TH\final\StoreManagement\exe file\storemanagerment.exe --l4j-debug
JNI:		No
WOW64:		Yes
Working dir:	C:\Users\Tuan\OneDrive\TH\final\StoreManagement\exe file\.
Requires JDK:	No
Requires 64-Bit: No
Java min ver:	
Java max ver:	
Substitute:	JAVA_HOME = 
Substitute:	PATH = G:\E\bin\;C:\Program Files\Common Files\Oracle\Java\javapath;C:\WINDOWS\system32;C:\WINDOWS;C:\WINDOWS\System32\Wbem;C:\WINDOWS\System32\WindowsPowerShell\v1.0\;C:\WINDOWS\System32\OpenSSH\;C:\Users\Tuan\anaconda3\Scripts;C:\Users\Tuan\anaconda3\bin;C:\Program Files\Git\cmd;C:\MinGW\bin;C:\apache-maven-3.9.5\bin;C:\Program Files\Java\jdk-20\bin;C:\Program Files (x86)\Microsoft SQL Server\160\Tools\Binn\;C:\Program Files\Microsoft SQL Server\160\Tools\Binn\;C:\Program Files\Microsoft SQL Server\Client SDK\ODBC\170\Tools\Binn\;C:\Program Files\Microsoft SQL Server\160\DTS\Binn\;C:\Program Files (x86)\Microsoft SQL Server\160\DTS\Binn\;C:\Program Files\Azure Data Studio\bin;C:\Users\Tuan\anaconda3;C:\Program Files\nodejs\;C:\Program Files\dotnet\;C:\Program Files\Microsoft SQL Server\150\Tools\Binn\;C:\Users\Tuan\AppData\Local\Programs\Python\Python312\Scripts\;C:\Users\Tuan\AppData\Local\Programs\Python\Python312\;C:\Users\Tuan\AppData\Local\Programs\Python\Launcher\;C:\Users\Tuan\AppData\Local\Microsoft\WindowsApps;C:\Users\Tuan\AppData\Local\Programs\Microsoft VS Code\bin;C:\Users\Tuan\anaconda3\Library\bin;C:\Users\Tuan\AppData\Roaming\npm;C:\Users\Tuan\.dotnet\tools;C:\Program Files\Java\jdk-20\bin
JRE paths:	;G:\E\bin\;C:\Program Files\Common Files\Oracle\Java\javapath;C:\WINDOWS\system32;C:\WINDOWS;C:\WINDOWS\System32\Wbem;C:\WINDOWS\System32\WindowsPowerShell\v1.0\;C:\WINDOWS\System32\OpenSSH\;C:\Users\Tuan\anaconda3\Scripts;C:\Users\Tuan\anaconda3\bin;C:\Program Files\Git\cmd;C:\MinGW\bin;C:\apache-maven-3.9.5\bin;C:\Program Files\Java\jdk-20\bin;C:\Program Files (x86)\Microsoft SQL Server\160\Tools\Binn\;C:\Program Files\Microsoft SQL Server\160\Tools\Binn\;C:\Program Files\Microsoft SQL Server\Client SDK\ODBC\170\Tools\Binn\;C:\Program Files\Microsoft SQL Server\160\DTS\Binn\;C:\Program Files (x86)\Microsoft SQL Server\160\DTS\Binn\;C:\Program Files\Azure Data Studio\bin;C:\Users\Tuan\anaconda3;C:\Program Files\nodejs\;C:\Program Files\dotnet\;C:\Program Files\Microsoft SQL Server\150\Tools\Binn\;C:\Users\Tuan\AppData\Local\Programs\Python\Python312\Scripts\;C:\Users\Tuan\AppData\Local\Programs\Python\Python312\;C:\Users\Tuan\AppData\Local\Programs\Python\Launcher\;C:\Users\Tuan\AppData\Local\Microsoft\WindowsApps;C:\Users\Tuan\AppData\Local\Programs\Microsoft VS Code\bin;C:\Users\Tuan\anaconda3\Library\bin;C:\Users\Tuan\AppData\Roaming\npm;C:\Users\Tuan\.dotnet\tools;C:\Program Files\Java\jdk-20\bin
Check launcher:	G:\E\bin\bin\javaw.exe (not found)
Check launcher:	C:\Program Files\Common Files\Oracle\Java\javapath\bin\javaw.exe (not found)
Check launcher:	C:\WINDOWS\system32\bin\javaw.exe (not found)
Check launcher:	C:\WINDOWS\bin\javaw.exe (not found)
Check launcher:	C:\WINDOWS\System32\Wbem\bin\javaw.exe (not found)
Check launcher:	C:\WINDOWS\System32\WindowsPowerShell\v1.0\bin\javaw.exe (not found)
Check launcher:	C:\WINDOWS\System32\OpenSSH\bin\javaw.exe (not found)
Check launcher:	C:\Users\Tuan\anaconda3\Scripts\bin\javaw.exe (not found)
Check launcher:	C:\Users\Tuan\anaconda3\bin\javaw.exe (not found)
Check launcher:	C:\Program Files\Git\cmd\bin\javaw.exe (not found)
Check launcher:	C:\MinGW\bin\javaw.exe (not found)
Check launcher:	C:\apache-maven-3.9.5\bin\javaw.exe (not found)
Check launcher:	C:\Program Files\Java\jdk-20\bin\javaw.exe (OK)
Version string: 1.020.000_002 / 64-Bit (OK)
Launcher:	C:\Program Files\Java\jdk-20\bin\javaw.exe
Launcher args:	-jar "C:\Users\Tuan\OneDrive\TH\final\StoreManagement\exe file\storemanagerment.exe"
Args length:	84/32768 chars
Exit code:	0


Version:	3.50
CmdLine:	C:\Users\Tuan\OneDrive\TH\final\StoreManagement\exe file\storemanagerment.exe --l4j-debug
JNI:		No
WOW64:		Yes
Working dir:	C:\Users\Tuan\OneDrive\TH\final\StoreManagement\exe file\.
Requires JDK:	No
Requires 64-Bit: No
Java min ver:	
Java max ver:	
Substitute:	JAVA_HOME = 
Substitute:	PATH = G:\E\bin\;C:\Program Files\Common Files\Oracle\Java\javapath;C:\WINDOWS\system32;C:\WINDOWS;C:\WINDOWS\System32\Wbem;C:\WINDOWS\System32\WindowsPowerShell\v1.0\;C:\WINDOWS\System32\OpenSSH\;C:\Users\Tuan\anaconda3\Scripts;C:\Users\Tuan\anaconda3\bin;C:\Program Files\Git\cmd;C:\MinGW\bin;C:\apache-maven-3.9.5\bin;C:\Program Files\Java\jdk-20\bin;C:\Program Files (x86)\Microsoft SQL Server\160\Tools\Binn\;C:\Program Files\Microsoft SQL Server\160\Tools\Binn\;C:\Program Files\Microsoft SQL Server\Client SDK\ODBC\170\Tools\Binn\;C:\Program Files\Microsoft SQL Server\160\DTS\Binn\;C:\Program Files (x86)\Microsoft SQL Server\160\DTS\Binn\;C:\Program Files\Azure Data Studio\bin;C:\Users\Tuan\anaconda3;C:\Program Files\nodejs\;C:\Program Files\dotnet\;C:\Program Files\Microsoft SQL Server\150\Tools\Binn\;C:\Users\Tuan\AppData\Local\Programs\Python\Python312\Scripts\;C:\Users\Tuan\AppData\Local\Programs\Python\Python312\;C:\Users\Tuan\AppData\Local\Programs\Python\Launcher\;C:\Users\Tuan\AppData\Local\Microsoft\WindowsApps;C:\Users\Tuan\AppData\Local\Programs\Microsoft VS Code\bin;C:\Users\Tuan\anaconda3\Library\bin;C:\Users\Tuan\AppData\Roaming\npm;C:\Users\Tuan\.dotnet\tools;C:\Program Files\Java\jdk-20\bin
JRE paths:	;G:\E\bin\;C:\Program Files\Common Files\Oracle\Java\javapath;C:\WINDOWS\system32;C:\WINDOWS;C:\WINDOWS\System32\Wbem;C:\WINDOWS\System32\WindowsPowerShell\v1.0\;C:\WINDOWS\System32\OpenSSH\;C:\Users\Tuan\anaconda3\Scripts;C:\Users\Tuan\anaconda3\bin;C:\Program Files\Git\cmd;C:\MinGW\bin;C:\apache-maven-3.9.5\bin;C:\Program Files\Java\jdk-20\bin;C:\Program Files (x86)\Microsoft SQL Server\160\Tools\Binn\;C:\Program Files\Microsoft SQL Server\160\Tools\Binn\;C:\Program Files\Microsoft SQL Server\Client SDK\ODBC\170\Tools\Binn\;C:\Program Files\Microsoft SQL Server\160\DTS\Binn\;C:\Program Files (x86)\Microsoft SQL Server\160\DTS\Binn\;C:\Program Files\Azure Data Studio\bin;C:\Users\Tuan\anaconda3;C:\Program Files\nodejs\;C:\Program Files\dotnet\;C:\Program Files\Microsoft SQL Server\150\Tools\Binn\;C:\Users\Tuan\AppData\Local\Programs\Python\Python312\Scripts\;C:\Users\Tuan\AppData\Local\Programs\Python\Python312\;C:\Users\Tuan\AppData\Local\Programs\Python\Launcher\;C:\Users\Tuan\AppData\Local\Microsoft\WindowsApps;C:\Users\Tuan\AppData\Local\Programs\Microsoft VS Code\bin;C:\Users\Tuan\anaconda3\Library\bin;C:\Users\Tuan\AppData\Roaming\npm;C:\Users\Tuan\.dotnet\tools;C:\Program Files\Java\jdk-20\bin
Check launcher:	G:\E\bin\bin\javaw.exe (not found)
Check launcher:	C:\Program Files\Common Files\Oracle\Java\javapath\bin\javaw.exe (not found)
Check launcher:	C:\WINDOWS\system32\bin\javaw.exe (not found)
Check launcher:	C:\WINDOWS\bin\javaw.exe (not found)
Check launcher:	C:\WINDOWS\System32\Wbem\bin\javaw.exe (not found)
Check launcher:	C:\WINDOWS\System32\WindowsPowerShell\v1.0\bin\javaw.exe (not found)
Check launcher:	C:\WINDOWS\System32\OpenSSH\bin\javaw.exe (not found)
Check launcher:	C:\Users\Tuan\anaconda3\Scripts\bin\javaw.exe (not found)
Check launcher:	C:\Users\Tuan\anaconda3\bin\javaw.exe (not found)
Check launcher:	C:\Program Files\Git\cmd\bin\javaw.exe (not found)
Check launcher:	C:\MinGW\bin\javaw.exe (not found)
Check launcher:	C:\apache-maven-3.9.5\bin\javaw.exe (not found)
Check launcher:	C:\Program Files\Java\jdk-20\bin\javaw.exe (OK)
Version string: 1.020.000_002 / 64-Bit (OK)
Launcher:	C:\Program Files\Java\jdk-20\bin\javaw.exe
Launcher args:	-jar "C:\Users\Tuan\OneDrive\TH\final\StoreManagement\exe file\storemanagerment.exe"
Args length:	84/32768 chars
Exit code:	0


Version:	3.50
CmdLine:	C:\Users\Tuan\OneDrive\TH\final\StoreManagement\exe file\storemanagerment.exe --l4j-debug
JNI:		No
WOW64:		Yes
Working dir:	C:\Users\Tuan\OneDrive\TH\final\StoreManagement\exe file\.
Requires JDK:	No
Requires 64-Bit: No
Java min ver:	
Java max ver:	
Substitute:	JAVA_HOME = 
Substitute:	PATH = G:\E\bin\;C:\Program Files\Common Files\Oracle\Java\javapath;C:\WINDOWS\system32;C:\WINDOWS;C:\WINDOWS\System32\Wbem;C:\WINDOWS\System32\WindowsPowerShell\v1.0\;C:\WINDOWS\System32\OpenSSH\;C:\Users\Tuan\anaconda3\Scripts;C:\Users\Tuan\anaconda3\bin;C:\Program Files\Git\cmd;C:\MinGW\bin;C:\apache-maven-3.9.5\bin;C:\Program Files\Java\jdk-20\bin;C:\Program Files (x86)\Microsoft SQL Server\160\Tools\Binn\;C:\Program Files\Microsoft SQL Server\160\Tools\Binn\;C:\Program Files\Microsoft SQL Server\Client SDK\ODBC\170\Tools\Binn\;C:\Program Files\Microsoft SQL Server\160\DTS\Binn\;C:\Program Files (x86)\Microsoft SQL Server\160\DTS\Binn\;C:\Program Files\Azure Data Studio\bin;C:\Users\Tuan\anaconda3;C:\Program Files\nodejs\;C:\Program Files\dotnet\;C:\Program Files\Microsoft SQL Server\150\Tools\Binn\;C:\Users\Tuan\AppData\Local\Programs\Python\Python312\Scripts\;C:\Users\Tuan\AppData\Local\Programs\Python\Python312\;C:\Users\Tuan\AppData\Local\Programs\Python\Launcher\;C:\Users\Tuan\AppData\Local\Microsoft\WindowsApps;C:\Users\Tuan\AppData\Local\Programs\Microsoft VS Code\bin;C:\Users\Tuan\anaconda3\Library\bin;C:\Users\Tuan\AppData\Roaming\npm;C:\Users\Tuan\.dotnet\tools;C:\Program Files\Java\jdk-20\bin
JRE paths:	;G:\E\bin\;C:\Program Files\Common Files\Oracle\Java\javapath;C:\WINDOWS\system32;C:\WINDOWS;C:\WINDOWS\System32\Wbem;C:\WINDOWS\System32\WindowsPowerShell\v1.0\;C:\WINDOWS\System32\OpenSSH\;C:\Users\Tuan\anaconda3\Scripts;C:\Users\Tuan\anaconda3\bin;C:\Program Files\Git\cmd;C:\MinGW\bin;C:\apache-maven-3.9.5\bin;C:\Program Files\Java\jdk-20\bin;C:\Program Files (x86)\Microsoft SQL Server\160\Tools\Binn\;C:\Program Files\Microsoft SQL Server\160\Tools\Binn\;C:\Program Files\Microsoft SQL Server\Client SDK\ODBC\170\Tools\Binn\;C:\Program Files\Microsoft SQL Server\160\DTS\Binn\;C:\Program Files (x86)\Microsoft SQL Server\160\DTS\Binn\;C:\Program Files\Azure Data Studio\bin;C:\Users\Tuan\anaconda3;C:\Program Files\nodejs\;C:\Program Files\dotnet\;C:\Program Files\Microsoft SQL Server\150\Tools\Binn\;C:\Users\Tuan\AppData\Local\Programs\Python\Python312\Scripts\;C:\Users\Tuan\AppData\Local\Programs\Python\Python312\;C:\Users\Tuan\AppData\Local\Programs\Python\Launcher\;C:\Users\Tuan\AppData\Local\Microsoft\WindowsApps;C:\Users\Tuan\AppData\Local\Programs\Microsoft VS Code\bin;C:\Users\Tuan\anaconda3\Library\bin;C:\Users\Tuan\AppData\Roaming\npm;C:\Users\Tuan\.dotnet\tools;C:\Program Files\Java\jdk-20\bin
Check launcher:	G:\E\bin\bin\javaw.exe (not found)
Check launcher:	C:\Program Files\Common Files\Oracle\Java\javapath\bin\javaw.exe (not found)
Check launcher:	C:\WINDOWS\system32\bin\javaw.exe (not found)
Check launcher:	C:\WINDOWS\bin\javaw.exe (not found)
Check launcher:	C:\WINDOWS\System32\Wbem\bin\javaw.exe (not found)
Check launcher:	C:\WINDOWS\System32\WindowsPowerShell\v1.0\bin\javaw.exe (not found)
Check launcher:	C:\WINDOWS\System32\OpenSSH\bin\javaw.exe (not found)
Check launcher:	C:\Users\Tuan\anaconda3\Scripts\bin\javaw.exe (not found)
Check launcher:	C:\Users\Tuan\anaconda3\bin\javaw.exe (not found)
Check launcher:	C:\Program Files\Git\cmd\bin\javaw.exe (not found)
Check launcher:	C:\MinGW\bin\javaw.exe (not found)
Check launcher:	C:\apache-maven-3.9.5\bin\javaw.exe (not found)
Check launcher:	C:\Program Files\Java\jdk-20\bin\javaw.exe (OK)
Version string: 1.020.000_002 / 64-Bit (OK)
Launcher:	C:\Program Files\Java\jdk-20\bin\javaw.exe
Launcher args:	-jar "C:\Users\Tuan\OneDrive\TH\final\StoreManagement\exe file\storemanagerment.exe"
Args length:	84/32768 chars
Exit code:	0


Version:	3.50
CmdLine:	C:\Users\Tuan\OneDrive\TH\final\StoreManagement\exe file\toremanagerment.exe --l4j-debug
JNI:		No
WOW64:		Yes
Working dir:	C:\Users\Tuan\OneDrive\TH\final\StoreManagement\exe file\.
Requires JDK:	No
Requires 64-Bit: No
Java min ver:	
Java max ver:	
Substitute:	JAVA_HOME = 
Substitute:	PATH = G:\E\bin\;C:\Program Files\Common Files\Oracle\Java\javapath;C:\WINDOWS\system32;C:\WINDOWS;C:\WINDOWS\System32\Wbem;C:\WINDOWS\System32\WindowsPowerShell\v1.0\;C:\WINDOWS\System32\OpenSSH\;C:\Users\Tuan\anaconda3\Scripts;C:\Users\Tuan\anaconda3\bin;C:\Program Files\Git\cmd;C:\MinGW\bin;C:\apache-maven-3.9.5\bin;C:\Program Files\Java\jdk-20\bin;C:\Program Files (x86)\Microsoft SQL Server\160\Tools\Binn\;C:\Program Files\Microsoft SQL Server\160\Tools\Binn\;C:\Program Files\Microsoft SQL Server\Client SDK\ODBC\170\Tools\Binn\;C:\Program Files\Microsoft SQL Server\160\DTS\Binn\;C:\Program Files (x86)\Microsoft SQL Server\160\DTS\Binn\;C:\Program Files\Azure Data Studio\bin;C:\Users\Tuan\anaconda3;C:\Program Files\nodejs\;C:\Program Files\dotnet\;C:\Program Files\Microsoft SQL Server\150\Tools\Binn\;C:\Users\Tuan\AppData\Local\Programs\Python\Python312\Scripts\;C:\Users\Tuan\AppData\Local\Programs\Python\Python312\;C:\Users\Tuan\AppData\Local\Programs\Python\Launcher\;C:\Users\Tuan\AppData\Local\Microsoft\WindowsApps;C:\Program Files\Azure Data Studio\bin;C:\Users\Tuan\AppData\Local\Programs\Microsoft VS Code\bin;C:\Program Files\Azure Data Studio\bin;C:\Users\Tuan\anaconda3\Scripts;C:\Users\Tuan\anaconda3\bin;C:\Users\Tuan\anaconda3\Library\bin;C:\Users\Tuan\anaconda3;C:\Users\Tuan\AppData\Roaming\npm;C:\Users\Tuan\.dotnet\tools;C:\Program Files\Java\jdk-20\bin
JRE paths:	;G:\E\bin\;C:\Program Files\Common Files\Oracle\Java\javapath;C:\WINDOWS\system32;C:\WINDOWS;C:\WINDOWS\System32\Wbem;C:\WINDOWS\System32\WindowsPowerShell\v1.0\;C:\WINDOWS\System32\OpenSSH\;C:\Users\Tuan\anaconda3\Scripts;C:\Users\Tuan\anaconda3\bin;C:\Program Files\Git\cmd;C:\MinGW\bin;C:\apache-maven-3.9.5\bin;C:\Program Files\Java\jdk-20\bin;C:\Program Files (x86)\Microsoft SQL Server\160\Tools\Binn\;C:\Program Files\Microsoft SQL Server\160\Tools\Binn\;C:\Program Files\Microsoft SQL Server\Client SDK\ODBC\170\Tools\Binn\;C:\Program Files\Microsoft SQL Server\160\DTS\Binn\;C:\Program Files (x86)\Microsoft SQL Server\160\DTS\Binn\;C:\Program Files\Azure Data Studio\bin;C:\Users\Tuan\anaconda3;C:\Program Files\nodejs\;C:\Program Files\dotnet\;C:\Program Files\Microsoft SQL Server\150\Tools\Binn\;C:\Users\Tuan\AppData\Local\Programs\Python\Python312\Scripts\;C:\Users\Tuan\AppData\Local\Programs\Python\Python312\;C:\Users\Tuan\AppData\Local\Programs\Python\Launcher\;C:\Users\Tuan\AppData\Local\Microsoft\WindowsApps;C:\Program Files\Azure Data Studio\bin;C:\Users\Tuan\AppData\Local\Programs\Microsoft VS Code\bin;C:\Program Files\Azure Data Studio\bin;C:\Users\Tuan\anaconda3\Scripts;C:\Users\Tuan\anaconda3\bin;C:\Users\Tuan\anaconda3\Library\bin;C:\Users\Tuan\anaconda3;C:\Users\Tuan\AppData\Roaming\npm;C:\Users\Tuan\.dotnet\tools;C:\Program Files\Java\jdk-20\bin
Check launcher:	G:\E\bin\bin\javaw.exe (not found)
Check launcher:	C:\Program Files\Common Files\Oracle\Java\javapath\bin\javaw.exe (not found)
Check launcher:	C:\WINDOWS\system32\bin\javaw.exe (not found)
Check launcher:	C:\WINDOWS\bin\javaw.exe (not found)
Check launcher:	C:\WINDOWS\System32\Wbem\bin\javaw.exe (not found)
Check launcher:	C:\WINDOWS\System32\WindowsPowerShell\v1.0\bin\javaw.exe (not found)
Check launcher:	C:\WINDOWS\System32\OpenSSH\bin\javaw.exe (not found)
Check launcher:	C:\Users\Tuan\anaconda3\Scripts\bin\javaw.exe (not found)
Check launcher:	C:\Users\Tuan\anaconda3\bin\javaw.exe (not found)
Check launcher:	C:\Program Files\Git\cmd\bin\javaw.exe (not found)
Check launcher:	C:\MinGW\bin\javaw.exe (not found)
Check launcher:	C:\apache-maven-3.9.5\bin\javaw.exe (not found)
Check launcher:	C:\Program Files\Java\jdk-20\bin\javaw.exe (OK)
Version string: 1.020.000_002 / 64-Bit (OK)
Launcher:	C:\Program Files\Java\jdk-20\bin\javaw.exe
Launcher args:	-jar "C:\Users\Tuan\OneDrive\TH\final\StoreManagement\exe file\toremanagerment.exe"
Args length:	83/32768 chars
Exit code:	0


Version:	3.50
CmdLine:	C:\Users\Tuan\OneDrive\TH\final\StoreManagement\exe file\storemanagerment.exe --l4j-debug
JNI:		No
WOW64:		Yes
Working dir:	C:\Users\Tuan\OneDrive\TH\final\StoreManagement\exe file\.
Requires JDK:	No
Requires 64-Bit: No
Java min ver:	
Java max ver:	
Substitute:	JAVA_HOME = 
Substitute:	PATH = G:\E\bin\;C:\Program Files\Common Files\Oracle\Java\javapath;C:\WINDOWS\system32;C:\WINDOWS;C:\WINDOWS\System32\Wbem;C:\WINDOWS\System32\WindowsPowerShell\v1.0\;C:\WINDOWS\System32\OpenSSH\;C:\Users\Tuan\anaconda3\Scripts;C:\Users\Tuan\anaconda3\bin;C:\Program Files\Git\cmd;C:\MinGW\bin;C:\apache-maven-3.9.5\bin;C:\Program Files\Java\jdk-20\bin;C:\Program Files (x86)\Microsoft SQL Server\160\Tools\Binn\;C:\Program Files\Microsoft SQL Server\160\Tools\Binn\;C:\Program Files\Microsoft SQL Server\Client SDK\ODBC\170\Tools\Binn\;C:\Program Files\Microsoft SQL Server\160\DTS\Binn\;C:\Program Files (x86)\Microsoft SQL Server\160\DTS\Binn\;C:\Program Files\Azure Data Studio\bin;C:\Users\Tuan\anaconda3;C:\Program Files\nodejs\;C:\Program Files\dotnet\;C:\Program Files\Microsoft SQL Server\150\Tools\Binn\;C:\Users\Tuan\AppData\Local\Programs\Python\Python312\Scripts\;C:\Users\Tuan\AppData\Local\Programs\Python\Python312\;C:\Users\Tuan\AppData\Local\Programs\Python\Launcher\;C:\Users\Tuan\AppData\Local\Microsoft\WindowsApps;C:\Program Files\Azure Data Studio\bin;C:\Users\Tuan\AppData\Local\Programs\Microsoft VS Code\bin;C:\Program Files\Azure Data Studio\bin;C:\Users\Tuan\anaconda3\Scripts;C:\Users\Tuan\anaconda3\bin;C:\Users\Tuan\anaconda3\Library\bin;C:\Users\Tuan\anaconda3;C:\Users\Tuan\AppData\Roaming\npm;C:\Users\Tuan\.dotnet\tools;C:\Program Files\Java\jdk-20\bin
JRE paths:	;G:\E\bin\;C:\Program Files\Common Files\Oracle\Java\javapath;C:\WINDOWS\system32;C:\WINDOWS;C:\WINDOWS\System32\Wbem;C:\WINDOWS\System32\WindowsPowerShell\v1.0\;C:\WINDOWS\System32\OpenSSH\;C:\Users\Tuan\anaconda3\Scripts;C:\Users\Tuan\anaconda3\bin;C:\Program Files\Git\cmd;C:\MinGW\bin;C:\apache-maven-3.9.5\bin;C:\Program Files\Java\jdk-20\bin;C:\Program Files (x86)\Microsoft SQL Server\160\Tools\Binn\;C:\Program Files\Microsoft SQL Server\160\Tools\Binn\;C:\Program Files\Microsoft SQL Server\Client SDK\ODBC\170\Tools\Binn\;C:\Program Files\Microsoft SQL Server\160\DTS\Binn\;C:\Program Files (x86)\Microsoft SQL Server\160\DTS\Binn\;C:\Program Files\Azure Data Studio\bin;C:\Users\Tuan\anaconda3;C:\Program Files\nodejs\;C:\Program Files\dotnet\;C:\Program Files\Microsoft SQL Server\150\Tools\Binn\;C:\Users\Tuan\AppData\Local\Programs\Python\Python312\Scripts\;C:\Users\Tuan\AppData\Local\Programs\Python\Python312\;C:\Users\Tuan\AppData\Local\Programs\Python\Launcher\;C:\Users\Tuan\AppData\Local\Microsoft\WindowsApps;C:\Program Files\Azure Data Studio\bin;C:\Users\Tuan\AppData\Local\Programs\Microsoft VS Code\bin;C:\Program Files\Azure Data Studio\bin;C:\Users\Tuan\anaconda3\Scripts;C:\Users\Tuan\anaconda3\bin;C:\Users\Tuan\anaconda3\Library\bin;C:\Users\Tuan\anaconda3;C:\Users\Tuan\AppData\Roaming\npm;C:\Users\Tuan\.dotnet\tools;C:\Program Files\Java\jdk-20\bin
Check launcher:	G:\E\bin\bin\javaw.exe (not found)
Check launcher:	C:\Program Files\Common Files\Oracle\Java\javapath\bin\javaw.exe (not found)
Check launcher:	C:\WINDOWS\system32\bin\javaw.exe (not found)
Check launcher:	C:\WINDOWS\bin\javaw.exe (not found)
Check launcher:	C:\WINDOWS\System32\Wbem\bin\javaw.exe (not found)
Check launcher:	C:\WINDOWS\System32\WindowsPowerShell\v1.0\bin\javaw.exe (not found)
Check launcher:	C:\WINDOWS\System32\OpenSSH\bin\javaw.exe (not found)
Check launcher:	C:\Users\Tuan\anaconda3\Scripts\bin\javaw.exe (not found)
Check launcher:	C:\Users\Tuan\anaconda3\bin\javaw.exe (not found)
Check launcher:	C:\Program Files\Git\cmd\bin\javaw.exe (not found)
Check launcher:	C:\MinGW\bin\javaw.exe (not found)
Check launcher:	C:\apache-maven-3.9.5\bin\javaw.exe (not found)
Check launcher:	C:\Program Files\Java\jdk-20\bin\javaw.exe (OK)
Version string: 1.020.000_002 / 64-Bit (OK)
Launcher:	C:\Program Files\Java\jdk-20\bin\javaw.exe
Launcher args:	-jar "C:\Users\Tuan\OneDrive\TH\final\StoreManagement\exe file\storemanagerment.exe"
Args length:	84/32768 chars
Exit code:	0


Version:	3.50
CmdLine:	C:\Users\Tuan\OneDrive\TH\final\StoreManagement\exe file\storemanagerment.exe --l4j-debug
JNI:		No
WOW64:		Yes
Working dir:	C:\Users\Tuan\OneDrive\TH\final\StoreManagement\exe file\.
Requires JDK:	No
Requires 64-Bit: No
Java min ver:	
Java max ver:	
Substitute:	JAVA_HOME = 
Substitute:	PATH = G:\E\bin\;C:\Program Files\Common Files\Oracle\Java\javapath;C:\WINDOWS\system32;C:\WINDOWS;C:\WINDOWS\System32\Wbem;C:\WINDOWS\System32\WindowsPowerShell\v1.0\;C:\WINDOWS\System32\OpenSSH\;C:\Users\Tuan\anaconda3\Scripts;C:\Users\Tuan\anaconda3\bin;C:\Program Files\Git\cmd;C:\MinGW\bin;C:\apache-maven-3.9.5\bin;C:\Program Files\Java\jdk-20\bin;C:\Program Files (x86)\Microsoft SQL Server\160\Tools\Binn\;C:\Program Files\Microsoft SQL Server\160\Tools\Binn\;C:\Program Files\Microsoft SQL Server\Client SDK\ODBC\170\Tools\Binn\;C:\Program Files\Microsoft SQL Server\160\DTS\Binn\;C:\Program Files (x86)\Microsoft SQL Server\160\DTS\Binn\;C:\Program Files\Azure Data Studio\bin;C:\Users\Tuan\anaconda3;C:\Program Files\nodejs\;C:\Program Files\dotnet\;C:\Program Files\Microsoft SQL Server\150\Tools\Binn\;C:\Users\Tuan\AppData\Local\Programs\Python\Python312\Scripts\;C:\Users\Tuan\AppData\Local\Programs\Python\Python312\;C:\Users\Tuan\AppData\Local\Programs\Python\Launcher\;C:\Users\Tuan\AppData\Local\Microsoft\WindowsApps;C:\Program Files\Azure Data Studio\bin;C:\Users\Tuan\AppData\Local\Programs\Microsoft VS Code\bin;C:\Program Files\Azure Data Studio\bin;C:\Users\Tuan\anaconda3\Scripts;C:\Users\Tuan\anaconda3\bin;C:\Users\Tuan\anaconda3\Library\bin;C:\Users\Tuan\anaconda3;C:\Users\Tuan\AppData\Roaming\npm;C:\Users\Tuan\.dotnet\tools;C:\Program Files\Java\jdk-20\bin
JRE paths:	;G:\E\bin\;C:\Program Files\Common Files\Oracle\Java\javapath;C:\WINDOWS\system32;C:\WINDOWS;C:\WINDOWS\System32\Wbem;C:\WINDOWS\System32\WindowsPowerShell\v1.0\;C:\WINDOWS\System32\OpenSSH\;C:\Users\Tuan\anaconda3\Scripts;C:\Users\Tuan\anaconda3\bin;C:\Program Files\Git\cmd;C:\MinGW\bin;C:\apache-maven-3.9.5\bin;C:\Program Files\Java\jdk-20\bin;C:\Program Files (x86)\Microsoft SQL Server\160\Tools\Binn\;C:\Program Files\Microsoft SQL Server\160\Tools\Binn\;C:\Program Files\Microsoft SQL Server\Client SDK\ODBC\170\Tools\Binn\;C:\Program Files\Microsoft SQL Server\160\DTS\Binn\;C:\Program Files (x86)\Microsoft SQL Server\160\DTS\Binn\;C:\Program Files\Azure Data Studio\bin;C:\Users\Tuan\anaconda3;C:\Program Files\nodejs\;C:\Program Files\dotnet\;C:\Program Files\Microsoft SQL Server\150\Tools\Binn\;C:\Users\Tuan\AppData\Local\Programs\Python\Python312\Scripts\;C:\Users\Tuan\AppData\Local\Programs\Python\Python312\;C:\Users\Tuan\AppData\Local\Programs\Python\Launcher\;C:\Users\Tuan\AppData\Local\Microsoft\WindowsApps;C:\Program Files\Azure Data Studio\bin;C:\Users\Tuan\AppData\Local\Programs\Microsoft VS Code\bin;C:\Program Files\Azure Data Studio\bin;C:\Users\Tuan\anaconda3\Scripts;C:\Users\Tuan\anaconda3\bin;C:\Users\Tuan\anaconda3\Library\bin;C:\Users\Tuan\anaconda3;C:\Users\Tuan\AppData\Roaming\npm;C:\Users\Tuan\.dotnet\tools;C:\Program Files\Java\jdk-20\bin
Check launcher:	G:\E\bin\bin\javaw.exe (not found)
Check launcher:	C:\Program Files\Common Files\Oracle\Java\javapath\bin\javaw.exe (not found)
Check launcher:	C:\WINDOWS\system32\bin\javaw.exe (not found)
Check launcher:	C:\WINDOWS\bin\javaw.exe (not found)
Check launcher:	C:\WINDOWS\System32\Wbem\bin\javaw.exe (not found)
Check launcher:	C:\WINDOWS\System32\WindowsPowerShell\v1.0\bin\javaw.exe (not found)
Check launcher:	C:\WINDOWS\System32\OpenSSH\bin\javaw.exe (not found)
Check launcher:	C:\Users\Tuan\anaconda3\Scripts\bin\javaw.exe (not found)
Check launcher:	C:\Users\Tuan\anaconda3\bin\javaw.exe (not found)
Check launcher:	C:\Program Files\Git\cmd\bin\javaw.exe (not found)
Check launcher:	C:\MinGW\bin\javaw.exe (not found)
Check launcher:	C:\apache-maven-3.9.5\bin\javaw.exe (not found)
Check launcher:	C:\Program Files\Java\jdk-20\bin\javaw.exe (OK)
Version string: 1.020.000_002 / 64-Bit (OK)
Launcher:	C:\Program Files\Java\jdk-20\bin\javaw.exe
Launcher args:	-jar "C:\Users\Tuan\OneDrive\TH\final\StoreManagement\exe file\storemanagerment.exe"
Args length:	84/32768 chars
Exit code:	0
